<?xml version="1.0" encoding="UTF-8"?>
<!-- Generated by org.testng.reporters.JUnitReportReporter -->
<testsuite hostname="LAPTOP-QKUUBAT3" failures="0" tests="1" name="testpkg.Fblogintest" time="0.415" errors="0" timestamp="2023-06-07T14:59:48 IST" skipped="0">
  <testcase classname="testpkg.Fblogintest" name="fbtest" time="0.415"/>
  <system-out/>
</testsuite> <!-- testpkg.Fblogintest -->
