<?xml version="1.0" encoding="UTF-8"?>
<!-- Generated by org.testng.reporters.JUnitReportReporter -->
<testsuite hostname="LAPTOP-QKUUBAT3" failures="0" tests="1" name="testngpkg.Robotcls" time="6.520" errors="0" timestamp="2023-06-12T13:18:17 IST" skipped="0">
  <testcase classname="testngpkg.Robotcls" name="fileuploadpgm" time="6.520"/>
  <system-out/>
</testsuite> <!-- testngpkg.Robotcls -->
