<?xml version="1.0" encoding="UTF-8"?>
<!-- Generated by org.testng.reporters.JUnitReportReporter -->
<testsuite hostname="LAPTOP-QKUUBAT3" failures="0" tests="1" name="testngpkg.ebay" time="8.452" errors="0" timestamp="2023-05-30T11:42:47 IST" skipped="0">
  <testcase classname="testngpkg.ebay" name="test1" time="8.452"/>
  <system-out/>
</testsuite> <!-- testngpkg.ebay -->
