<?xml version="1.0" encoding="UTF-8"?>
<!-- Generated by org.testng.reporters.JUnitReportReporter -->
<testsuite hostname="LAPTOP-QKUUBAT3" failures="0" tests="1" name="testngpkg.Assertpgm" time="0.615" errors="0" timestamp="2023-06-02T12:55:50 IST" skipped="0">
  <testcase classname="testngpkg.Assertpgm" name="test" time="0.615"/>
  <system-out/>
</testsuite> <!-- testngpkg.Assertpgm -->
