<?xml version="1.0" encoding="UTF-8"?>
<!-- Generated by org.testng.reporters.JUnitReportReporter -->
<testsuite hostname="LAPTOP-QKUUBAT3" failures="0" tests="1" name="testngpkg.Amazonwh" time="78.446" errors="0" timestamp="2023-06-13T14:26:43 IST" skipped="0">
  <testcase classname="testngpkg.Amazonwh" name="test" time="78.446"/>
  <system-out/>
</testsuite> <!-- testngpkg.Amazonwh -->
