<?xml version="1.0" encoding="UTF-8"?>
<!-- Generated by org.testng.reporters.JUnitReportReporter -->
<testsuite hostname="LAPTOP-QKUUBAT3" failures="0" tests="1" name="testngpkg.Assertionpgm" time="0.118" errors="0" timestamp="2023-06-01T21:05:43 IST" skipped="0">
  <testcase classname="testngpkg.Assertionpgm" name="test1" time="0.118"/>
  <system-out/>
</testsuite> <!-- testngpkg.Assertionpgm -->
