<?xml version="1.0" encoding="UTF-8"?>
<!-- Generated by org.testng.reporters.JUnitReportReporter -->
<testsuite hostname="LAPTOP-QKUUBAT3" failures="0" tests="1" name="testngpkg.Loginvalidation" time="10.976" errors="0" timestamp="2023-05-31T12:48:01 IST" skipped="0">
  <testcase classname="testngpkg.Loginvalidation" name="test1" time="10.976"/>
  <system-out/>
</testsuite> <!-- testngpkg.Loginvalidation -->
