<?xml version="1.0" encoding="UTF-8"?>
<!-- Generated by org.testng.reporters.JUnitReportReporter -->
<testsuite hostname="LAPTOP-QKUUBAT3" failures="0" tests="1" name="testngpkg.demopgm$copypaste" time="4.018" errors="0" timestamp="2023-05-29T14:54:12 IST" skipped="0">
  <testcase classname="testngpkg.demopgm$copypaste" name="test1" time="4.018"/>
  <system-out/>
</testsuite> <!-- testngpkg.demopgm$copypaste -->
