<?xml version="1.0" encoding="UTF-8"?>
<!-- Generated by org.testng.reporters.JUnitReportReporter -->
<testsuite hostname="LAPTOP-QKUUBAT3" failures="0" tests="4" name="testngpkg.Testngdemo" time="16.371" errors="0" timestamp="2023-05-26T15:01:54 IST" skipped="0">
  <testcase classname="testngpkg.Testngdemo" name="test1" time="0.799"/>
  <system-out/>
  <testcase classname="testngpkg.Testngdemo" name="test2" time="5.317"/>
  <system-out/>
  <testcase classname="testngpkg.Testngdemo" name="test3" time="8.418"/>
  <system-out/>
  <testcase classname="testngpkg.Testngdemo" name="test2" time="1.837"/>
  <system-out/>
</testsuite> <!-- testngpkg.Testngdemo -->
