<?xml version="1.0" encoding="UTF-8"?>
<!-- Generated by org.testng.reporters.JUnitReportReporter -->
<testsuite hostname="LAPTOP-QKUUBAT3" failures="0" tests="1" name="testngpkg.dragdrop" time="18.977" errors="0" timestamp="2023-05-29T15:14:33 IST" skipped="0">
  <testcase classname="testngpkg.dragdrop" name="test1" time="18.977"/>
  <system-out/>
</testsuite> <!-- testngpkg.dragdrop -->
