<?xml version="1.0" encoding="UTF-8"?>
<!-- Generated by org.testng.reporters.JUnitReportReporter -->
<testsuite hostname="LAPTOP-QKUUBAT3" failures="0" tests="2" name="testngpkg.Groupingng" time="6.895" errors="0" timestamp="2023-05-26T15:14:23 IST" skipped="0">
  <testcase classname="testngpkg.Groupingng" name="test1" time="5.777"/>
  <system-out/>
  <testcase classname="testngpkg.Groupingng" name="test2" time="1.118"/>
  <system-out/>
</testsuite> <!-- testngpkg.Groupingng -->
