<?xml version="1.0" encoding="UTF-8"?>
<!-- Generated by org.testng.reporters.JUnitReportReporter -->
<testsuite hostname="LAPTOP-QKUUBAT3" failures="0" tests="1" name="testngpkg.Windowhandler" time="1.458" errors="0" timestamp="2023-06-13T14:02:07 IST" skipped="0">
  <testcase classname="testngpkg.Windowhandler" name="test" time="1.458"/>
  <system-out/>
</testsuite> <!-- testngpkg.Windowhandler -->
