<?xml version="1.0" encoding="UTF-8"?>
<!-- Generated by org.testng.reporters.JUnitReportReporter -->
<testsuite hostname="LAPTOP-QKUUBAT3" failures="0" tests="1" name="testpkg.Getstart" time="2.224" errors="0" timestamp="2023-06-07T14:57:09 IST" skipped="0">
  <testcase classname="testpkg.Getstart" name="fbtests" time="2.224"/>
  <system-out/>
</testsuite> <!-- testpkg.Getstart -->
