<?xml version="1.0" encoding="UTF-8"?>
<!-- Generated by org.testng.reporters.JUnitReportReporter -->
<testsuite hostname="LAPTOP-QKUUBAT3" failures="0" tests="1" name="testngpkg.Implicitwait" time="4.123" errors="0" timestamp="2023-05-31T12:19:48 IST" skipped="0">
  <testcase classname="testngpkg.Implicitwait" name="test1" time="4.123"/>
  <system-out/>
</testsuite> <!-- testngpkg.Implicitwait -->
